<?xml version="1.0" encoding="UTF-8"?>
<!-- Generated by org.testng.reporters.JUnitXMLReporter -->
<testsuite hostname="LAPTOP-BVIUIKAG" ignored="0" name="Test" tests="5" failures="1" timestamp="16 Jul 2021 11:29:20 GMT" time="52.16" errors="0">
  <testcase name="validate" time="0.016" classname="com.orangeHRM.testcases.orangeHRM_login">
    <skipped/>
  </testcase> <!-- validate -->
  <testcase name="validate" time="0.008" classname="com.orangeHRM.testcases.orangeHRM_login">
    <skipped/>
  </testcase> <!-- validate -->
  <testcase name="validate" time="0.02" classname="com.orangeHRM.testcases.orangeHRM_login">
    <skipped/>
  </testcase> <!-- validate -->
  <testcase name="validate" time="0.018" classname="com.orangeHRM.testcases.orangeHRM_login">
    <failure type="java.lang.AssertionError" message="expected [sam] but found [OrangeHRM]">
      <![CDATA[java.lang.AssertionError: expected [sam] but found [OrangeHRM]
at com.orangeHRM.testcases.Golden_template.ValidatePageTitle(Golden_template.java:123)
at com.orangeHRM.testcases.orangeHRM_login.validate(orangeHRM_login.java:20)
... Removed 31 stack frames]]>
    </failure>
  </testcase> <!-- validate -->
  <testcase name="validatewebelement" time="0.31" classname="com.orangeHRM.testcases.orangeHRM_login"/>
</testsuite> <!-- Test -->
