<?xml version="1.0" encoding="UTF-8"?>
<!-- Generated by org.testng.reporters.JUnitXMLReporter -->
<testsuite hostname="LAPTOP-BVIUIKAG" ignored="0" name="Test" tests="8" failures="2" timestamp="2021-07-16T17:04:41 IST" time="76.57" errors="0">
  <testcase name="validate" time="0.028" classname="com.orangeHRM.testcases.orangeHRM_login">
    <skipped/>
  </testcase> <!-- validate -->
  <testcase name="validate" time="0.006" classname="com.orangeHRM.testcases.orangeHRM_login">
    <skipped/>
  </testcase> <!-- validate -->
  <testcase name="validate" time="0.012" classname="com.orangeHRM.testcases.orangeHRM_login">
    <skipped/>
  </testcase> <!-- validate -->
  <testcase name="validate" time="0.006" classname="com.orangeHRM.testcases.orangeHRM_login">
    <failure type="java.lang.AssertionError" message="expected [sam] but found [OrangeHRM]">
      <![CDATA[java.lang.AssertionError: expected [sam] but found [OrangeHRM]
at com.orangeHRM.testcases.Golden_template.ValidatePageTitle(Golden_template.java:123)
at com.orangeHRM.testcases.orangeHRM_login.validate(orangeHRM_login.java:20)
at java.util.ArrayList.forEach(ArrayList.java:1257)
... Removed 39 stack frames]]>
    </failure>
  </testcase> <!-- validate -->
  <testcase name="validatewebelement" time="0.084" classname="com.orangeHRM.testcases.orangeHRM_login">
    <skipped/>
  </testcase> <!-- validatewebelement -->
  <testcase name="validatewebelement" time="0.044" classname="com.orangeHRM.testcases.orangeHRM_login">
    <skipped/>
  </testcase> <!-- validatewebelement -->
  <testcase name="validatewebelement" time="0.047" classname="com.orangeHRM.testcases.orangeHRM_login">
    <skipped/>
  </testcase> <!-- validatewebelement -->
  <testcase name="validatewebelement" time="0.044" classname="com.orangeHRM.testcases.orangeHRM_login">
    <failure type="java.lang.AssertionError" message="expected [sam] but found [LOGIN Panel]">
      <![CDATA[java.lang.AssertionError: expected [sam] but found [LOGIN Panel]
at com.orangeHRM.testcases.Golden_template.ValidateText(Golden_template.java:130)
at com.orangeHRM.testcases.orangeHRM_login.validatewebelement(orangeHRM_login.java:25)
at java.util.ArrayList.forEach(ArrayList.java:1257)
... Removed 39 stack frames]]>
    </failure>
  </testcase> <!-- validatewebelement -->
</testsuite> <!-- Test -->
